2018-07-22 06:29:29,664 - UUID= 88701562-8d35-11e8-bb34-3fc5c4ae20d6
2018-07-22 06:29:29,666 - UUID= 88708a93-8d35-11e8-bb34-fbd83dd1a8de
2018-07-22 06:29:29,666 - UUID= 88708a94-8d35-11e8-bb34-3dc273e604fe
2018-07-22 06:29:29,666 - UUID= 88708a95-8d35-11e8-bb34-c902e05a4ec5
2018-07-22 06:29:29,666 - UUID= 88708a96-8d35-11e8-bb34-ef09838dae7d
2018-07-22 06:29:29,666 - UUID= 88708a97-8d35-11e8-bb34-b92daf2ce01f
2018-07-22 06:29:29,666 - UUID= 88708a98-8d35-11e8-bb34-d1413f117676
2018-07-22 06:29:29,666 - UUID= 88708a99-8d35-11e8-bb34-0f89a1566f03
2018-07-22 06:29:29,667 - UUID= 8870b1aa-8d35-11e8-bb34-d599b6a058d5
2018-07-22 06:29:29,667 - UUID= 8870b1ab-8d35-11e8-bb34-f1358e3544fb
2018-07-22 06:43:01,514 - UUID= 6c568fe4-8d37-11e8-829b-67a24afed642
2018-07-22 06:43:01,514 - UUID= 6c56b6f5-8d37-11e8-829b-7b2413906e29
2018-07-22 06:43:01,514 - UUID= 6c56b6f6-8d37-11e8-829b-8de867ef0b8d
2018-07-22 06:43:01,514 - UUID= 6c56b6f7-8d37-11e8-829b-f5e6e047109f
2018-07-22 06:43:01,514 - UUID= 6c56b6f8-8d37-11e8-829b-63326bf30ce3
2018-07-22 06:43:01,515 - UUID= 6c56b6f9-8d37-11e8-829b-8f5a1d2f24c9
2018-07-22 06:43:01,515 - UUID= 6c56de0a-8d37-11e8-829b-df4931a64772
2018-07-22 06:43:01,515 - UUID= 6c56de0b-8d37-11e8-829b-4bb3ad3a24cd
2018-07-22 06:43:01,515 - UUID= 6c56de0c-8d37-11e8-829b-8572c7d52606
2018-07-22 06:43:01,515 - UUID= 6c56de0d-8d37-11e8-829b-2587b6ef6dd4
2018-07-22 06:43:32,556 - original id=7ed70afb-8d37-11e8-bf8e-2bce365a18ad
2018-07-22 06:43:32,557 - new id=7ed70afb-8d37-11e8-bf8e-2bce365a18ad
2018-07-22 06:43:32,557 - UUID= 7ed70afb-8d37-11e8-bf8e-2bce365a18ad
2018-07-22 06:43:32,557 - original id=7ed7802c-8d37-11e8-bf8e-e12d21431d47
2018-07-22 06:43:32,557 - new id=7ed7802c-8d37-11e8-bf8e-e12d21431d47
2018-07-22 06:43:32,558 - UUID= 7ed7802c-8d37-11e8-bf8e-e12d21431d47
2018-07-22 06:43:32,558 - original id=7ed7a73d-8d37-11e8-bf8e-57992c8b9cc6
2018-07-22 06:43:32,558 - new id=7ed7a73d-8d37-11e8-bf8e-57992c8b9cc6
2018-07-22 06:43:32,558 - UUID= 7ed7a73d-8d37-11e8-bf8e-57992c8b9cc6
2018-07-22 06:43:32,558 - original id=7ed7a73e-8d37-11e8-bf8e-2d026f3a749b
2018-07-22 06:43:32,558 - new id=7ed7a73e-8d37-11e8-bf8e-2d026f3a749b
2018-07-22 06:43:32,559 - UUID= 7ed7a73e-8d37-11e8-bf8e-2d026f3a749b
2018-07-22 06:43:32,559 - original id=7ed7ce4f-8d37-11e8-bf8e-d33127648389
2018-07-22 06:43:32,559 - new id=7ed7ce4f-8d37-11e8-bf8e-d33127648389
2018-07-22 06:43:32,559 - UUID= 7ed7ce4f-8d37-11e8-bf8e-d33127648389
2018-07-22 06:43:32,559 - original id=7ed7ce50-8d37-11e8-bf8e-35766ac065ac
2018-07-22 06:43:32,559 - new id=7ed7ce50-8d37-11e8-bf8e-35766ac065ac
2018-07-22 06:43:32,560 - UUID= 7ed7ce50-8d37-11e8-bf8e-35766ac065ac
2018-07-22 06:43:32,560 - original id=7ed7f561-8d37-11e8-bf8e-bb815a6b05ac
2018-07-22 06:43:32,560 - new id=7ed7f561-8d37-11e8-bf8e-bb815a6b05ac
2018-07-22 06:43:32,560 - UUID= 7ed7f561-8d37-11e8-bf8e-bb815a6b05ac
2018-07-22 06:43:32,560 - original id=7ed7f562-8d37-11e8-bf8e-298cc586b23d
2018-07-22 06:43:32,560 - new id=7ed7f562-8d37-11e8-bf8e-298cc586b23d
2018-07-22 06:43:32,561 - UUID= 7ed7f562-8d37-11e8-bf8e-298cc586b23d
2018-07-22 06:43:32,561 - original id=7ed81c73-8d37-11e8-bf8e-1731ba27ce09
2018-07-22 06:43:32,561 - new id=7ed81c73-8d37-11e8-bf8e-1731ba27ce09
2018-07-22 06:43:32,561 - UUID= 7ed81c73-8d37-11e8-bf8e-1731ba27ce09
2018-07-22 06:43:32,561 - original id=7ed81c74-8d37-11e8-bf8e-9591b4f38d36
2018-07-22 06:43:32,561 - new id=7ed81c74-8d37-11e8-bf8e-9591b4f38d36
2018-07-22 06:43:32,561 - UUID= 7ed81c74-8d37-11e8-bf8e-9591b4f38d36
2018-07-22 06:44:39,927 - original id=a6ff58d7-8d37-11e8-baf7-2f3bd6c614d2
2018-07-22 06:46:34,677 - original id=eb64a771-8d37-11e8-8324-63b7810df3d0
2018-07-22 06:47:10,569 - original id=00c95730-8d38-11e8-91c5-0f6ab757d3de
2018-07-22 06:47:29,469 - original id=0c0ccabd-8d38-11e8-a31e-5fb490c64a54
2018-07-22 07:23:26,101 - original id=118154e9-8d3d-11e8-8641-6b752e8841fb
2018-07-22 10:22:08,837 - original id=08c0d936-8d56-11e8-af15-af88304e0b91
2018-07-22 10:22:51,569 - original id=223962ee-8d56-11e8-bd16-8f8c7f6f4b9e
2018-07-22 10:24:37,366 - original id=61489301-8d56-11e8-88b2-3dfaaff9b201
2018-07-22 10:24:37,366 - new id=11e8d56148930188b3dfaaff9b201
2018-07-22 10:24:37,366 - UUID= 11e8d56148930188b3dfaaff9b201
2018-07-22 10:24:37,366 - original id=6148ba12-8d56-11e8-88b2-1d30c16d487d
2018-07-22 10:24:37,366 - new id=11e8d56148ba1288b1d30c16d487d
2018-07-22 10:24:37,366 - UUID= 11e8d56148ba1288b1d30c16d487d
2018-07-22 10:24:37,367 - original id=6148e123-8d56-11e8-88b2-1fa0a201c898
2018-07-22 10:24:37,367 - new id=11e8d56148e12388b1fa0a201c898
2018-07-22 10:24:37,367 - UUID= 11e8d56148e12388b1fa0a201c898
2018-07-22 10:24:37,367 - original id=6148e124-8d56-11e8-88b2-718b013ff61d
2018-07-22 10:24:37,367 - new id=11e8d56148e12488b718b013ff61d
2018-07-22 10:24:37,367 - UUID= 11e8d56148e12488b718b013ff61d
2018-07-22 10:24:37,367 - original id=6148e125-8d56-11e8-88b2-5ff5827721f8
2018-07-22 10:24:37,367 - new id=11e8d56148e12588b5ff5827721f8
2018-07-22 10:24:37,367 - UUID= 11e8d56148e12588b5ff5827721f8
2018-07-22 10:24:37,367 - original id=6148e126-8d56-11e8-88b2-11e1024f7d46
2018-07-22 10:24:37,367 - new id=11e8d56148e12688b11e1024f7d46
2018-07-22 10:24:37,367 - UUID= 11e8d56148e12688b11e1024f7d46
2018-07-22 10:24:37,367 - original id=6148e127-8d56-11e8-88b2-b72527b3b02f
2018-07-22 10:24:37,367 - new id=11e8d56148e12788bb72527b3b02f
2018-07-22 10:24:37,368 - UUID= 11e8d56148e12788bb72527b3b02f
2018-07-22 10:24:37,368 - original id=61490838-8d56-11e8-88b2-c59012dd9e0c
2018-07-22 10:24:37,368 - new id=11e8d56149083888bc59012dd9e0c
2018-07-22 10:24:37,368 - UUID= 11e8d56149083888bc59012dd9e0c
2018-07-22 10:24:37,368 - original id=61490839-8d56-11e8-88b2-7d41d9f4ba73
2018-07-22 10:24:37,368 - new id=11e8d56149083988b7d41d9f4ba73
2018-07-22 10:24:37,368 - UUID= 11e8d56149083988b7d41d9f4ba73
2018-07-22 10:24:37,368 - original id=6149083a-8d56-11e8-88b2-155b7058eb0e
2018-07-22 10:24:37,368 - new id=11e8d56149083a88b155b7058eb0e
2018-07-22 10:24:37,368 - UUID= 11e8d56149083a88b155b7058eb0e
2018-07-22 10:29:45,516 - original id=18f4af48-8d57-11e8-8fda-1dd9fff88441
2018-07-22 10:29:45,517 - 11e
2018-07-22 10:29:45,517 - 8d5
2018-07-22 10:29:45,517 - 18f4af48
2018-07-22 10:29:45,517 - 8fd
2018-07-22 10:29:45,517 - 1dd9fff88441
2018-07-22 10:29:45,517 - new id=11e8d518f4af488fd1dd9fff88441
2018-07-22 10:29:45,517 - UUID= 11e8d518f4af488fd1dd9fff88441
2018-07-22 10:29:45,517 - original id=18f4d659-8d57-11e8-8fda-237637f33b18
2018-07-22 10:29:45,517 - 11e
2018-07-22 10:29:45,518 - 8d5
2018-07-22 10:29:45,518 - 18f4d659
2018-07-22 10:29:45,518 - 8fd
2018-07-22 10:29:45,518 - 237637f33b18
2018-07-22 10:29:45,518 - new id=11e8d518f4d6598fd237637f33b18
2018-07-22 10:29:45,518 - UUID= 11e8d518f4d6598fd237637f33b18
2018-07-22 10:29:45,518 - original id=18f4fd6a-8d57-11e8-8fda-7fec57b25e45
2018-07-22 10:29:45,518 - 11e
2018-07-22 10:29:45,518 - 8d5
2018-07-22 10:29:45,518 - 18f4fd6a
2018-07-22 10:29:45,518 - 8fd
2018-07-22 10:29:45,518 - 7fec57b25e45
2018-07-22 10:29:45,518 - new id=11e8d518f4fd6a8fd7fec57b25e45
2018-07-22 10:29:45,518 - UUID= 11e8d518f4fd6a8fd7fec57b25e45
2018-07-22 10:29:45,519 - original id=18f5247b-8d57-11e8-8fda-01078265ae57
2018-07-22 10:29:45,519 - 11e
2018-07-22 10:29:45,519 - 8d5
2018-07-22 10:29:45,519 - 18f5247b
2018-07-22 10:29:45,519 - 8fd
2018-07-22 10:29:45,519 - 01078265ae57
2018-07-22 10:29:45,519 - new id=11e8d518f5247b8fd01078265ae57
2018-07-22 10:29:45,519 - UUID= 11e8d518f5247b8fd01078265ae57
2018-07-22 10:29:45,519 - original id=18f5247c-8d57-11e8-8fda-7bce8d49297e
2018-07-22 10:29:45,519 - 11e
2018-07-22 10:29:45,519 - 8d5
2018-07-22 10:29:45,519 - 18f5247c
2018-07-22 10:29:45,519 - 8fd
2018-07-22 10:29:45,519 - 7bce8d49297e
2018-07-22 10:29:45,519 - new id=11e8d518f5247c8fd7bce8d49297e
2018-07-22 10:29:45,520 - UUID= 11e8d518f5247c8fd7bce8d49297e
2018-07-22 10:29:45,520 - original id=18f54b8d-8d57-11e8-8fda-e3e2ae1e1b94
2018-07-22 10:29:45,520 - 11e
2018-07-22 10:29:45,520 - 8d5
2018-07-22 10:29:45,520 - 18f54b8d
2018-07-22 10:29:45,520 - 8fd
2018-07-22 10:29:45,520 - e3e2ae1e1b94
2018-07-22 10:29:45,520 - new id=11e8d518f54b8d8fde3e2ae1e1b94
2018-07-22 10:29:45,520 - UUID= 11e8d518f54b8d8fde3e2ae1e1b94
2018-07-22 10:29:45,520 - original id=18f54b8e-8d57-11e8-8fda-172382f1695a
2018-07-22 10:29:45,520 - 11e
2018-07-22 10:29:45,520 - 8d5
2018-07-22 10:29:45,520 - 18f54b8e
2018-07-22 10:29:45,520 - 8fd
2018-07-22 10:29:45,521 - 172382f1695a
2018-07-22 10:29:45,521 - new id=11e8d518f54b8e8fd172382f1695a
2018-07-22 10:29:45,521 - UUID= 11e8d518f54b8e8fd172382f1695a
2018-07-22 10:29:45,521 - original id=18f5729f-8d57-11e8-8fda-8d6c438c059d
2018-07-22 10:29:45,521 - 11e
2018-07-22 10:29:45,521 - 8d5
2018-07-22 10:29:45,521 - 18f5729f
2018-07-22 10:29:45,521 - 8fd
2018-07-22 10:29:45,521 - 8d6c438c059d
2018-07-22 10:29:45,524 - new id=11e8d518f5729f8fd8d6c438c059d
2018-07-22 10:29:45,524 - UUID= 11e8d518f5729f8fd8d6c438c059d
2018-07-22 10:29:45,527 - original id=18f65d00-8d57-11e8-8fda-a33ff9124c40
2018-07-22 10:29:45,528 - 11e
2018-07-22 10:29:45,528 - 8d5
2018-07-22 10:29:45,528 - 18f65d00
2018-07-22 10:29:45,528 - 8fd
2018-07-22 10:29:45,528 - a33ff9124c40
2018-07-22 10:29:45,529 - new id=11e8d518f65d008fda33ff9124c40
2018-07-22 10:29:45,529 - UUID= 11e8d518f65d008fda33ff9124c40
2018-07-22 10:29:45,529 - original id=18f6ab21-8d57-11e8-8fda-bfb3356ea05c
2018-07-22 10:29:45,529 - 11e
2018-07-22 10:29:45,529 - 8d5
2018-07-22 10:29:45,529 - 18f6ab21
2018-07-22 10:29:45,529 - 8fd
2018-07-22 10:29:45,529 - bfb3356ea05c
2018-07-22 10:29:45,529 - new id=11e8d518f6ab218fdbfb3356ea05c
2018-07-22 10:29:45,529 - UUID= 11e8d518f6ab218fdbfb3356ea05c
2018-07-22 10:31:04,719 - original id=4829f36f-8d57-11e8-9753-27e3733b0471
2018-07-22 10:31:04,719 - 11e8
2018-07-22 10:31:04,719 - -8d5
2018-07-22 10:31:04,719 - 4829f36f
2018-07-22 10:31:04,719 - 9753
2018-07-22 10:31:04,719 - 27e3733b0471
2018-07-22 10:31:04,719 - new id=11e8d54829f36f97527e3733b0471
2018-07-22 10:31:04,720 - UUID= 11e8d54829f36f97527e3733b0471
2018-07-22 10:31:04,720 - original id=482a4190-8d57-11e8-9753-812174689ffc
2018-07-22 10:31:04,720 - 11e8
2018-07-22 10:31:04,720 - -8d5
2018-07-22 10:31:04,720 - 482a4190
2018-07-22 10:31:04,720 - 9753
2018-07-22 10:31:04,723 - 812174689ffc
2018-07-22 10:31:04,723 - new id=11e8d5482a4190975812174689ffc
2018-07-22 10:31:04,723 - UUID= 11e8d5482a4190975812174689ffc
2018-07-22 10:31:04,724 - original id=482addd1-8d57-11e8-9753-3dd358406390
2018-07-22 10:31:04,724 - 11e8
2018-07-22 10:31:04,724 - -8d5
2018-07-22 10:31:04,724 - 482addd1
2018-07-22 10:31:04,724 - 9753
2018-07-22 10:31:04,724 - 3dd358406390
2018-07-22 10:31:04,724 - new id=11e8d5482addd19753dd358406390
2018-07-22 10:31:04,724 - UUID= 11e8d5482addd19753dd358406390
2018-07-22 10:31:04,724 - original id=482addd2-8d57-11e8-9753-1b5eccfefc11
2018-07-22 10:31:04,724 - 11e8
2018-07-22 10:31:04,724 - -8d5
2018-07-22 10:31:04,725 - 482addd2
2018-07-22 10:31:04,725 - 9753
2018-07-22 10:31:04,725 - 1b5eccfefc11
2018-07-22 10:31:04,725 - new id=11e8d5482addd29751b5eccfefc11
2018-07-22 10:31:04,726 - UUID= 11e8d5482addd29751b5eccfefc11
2018-07-22 10:31:04,726 - original id=482b2bf3-8d57-11e8-9753-376892137494
2018-07-22 10:31:04,726 - 11e8
2018-07-22 10:31:04,726 - -8d5
2018-07-22 10:31:04,726 - 482b2bf3
2018-07-22 10:31:04,726 - 9753
2018-07-22 10:31:04,726 - 376892137494
2018-07-22 10:31:04,726 - new id=11e8d5482b2bf3975376892137494
2018-07-22 10:31:04,726 - UUID= 11e8d5482b2bf3975376892137494
2018-07-22 10:31:04,726 - original id=482b2bf4-8d57-11e8-9753-f71ddfcbf24e
2018-07-22 10:31:04,726 - 11e8
2018-07-22 10:31:04,726 - -8d5
2018-07-22 10:31:04,727 - 482b2bf4
2018-07-22 10:31:04,727 - 9753
2018-07-22 10:31:04,727 - f71ddfcbf24e
2018-07-22 10:31:04,727 - new id=11e8d5482b2bf4975f71ddfcbf24e
2018-07-22 10:31:04,727 - UUID= 11e8d5482b2bf4975f71ddfcbf24e
2018-07-22 10:31:04,727 - original id=482b5305-8d57-11e8-9753-ef01275e61a0
2018-07-22 10:31:04,727 - 11e8
2018-07-22 10:31:04,727 - -8d5
2018-07-22 10:31:04,727 - 482b5305
2018-07-22 10:31:04,727 - 9753
2018-07-22 10:31:04,727 - ef01275e61a0
2018-07-22 10:31:04,727 - new id=11e8d5482b5305975ef01275e61a0
2018-07-22 10:31:04,727 - UUID= 11e8d5482b5305975ef01275e61a0
2018-07-22 10:31:04,727 - original id=482b5306-8d57-11e8-9753-6b9fa79bfb21
2018-07-22 10:31:04,727 - 11e8
2018-07-22 10:31:04,727 - -8d5
2018-07-22 10:31:04,728 - 482b5306
2018-07-22 10:31:04,728 - 9753
2018-07-22 10:31:04,728 - 6b9fa79bfb21
2018-07-22 10:31:04,728 - new id=11e8d5482b53069756b9fa79bfb21
2018-07-22 10:31:04,728 - UUID= 11e8d5482b53069756b9fa79bfb21
2018-07-22 10:31:04,728 - original id=482b7a17-8d57-11e8-9753-fbc7d0d8a158
2018-07-22 10:31:04,728 - 11e8
2018-07-22 10:31:04,728 - -8d5
2018-07-22 10:31:04,728 - 482b7a17
2018-07-22 10:31:04,728 - 9753
2018-07-22 10:31:04,728 - fbc7d0d8a158
2018-07-22 10:31:04,731 - new id=11e8d5482b7a17975fbc7d0d8a158
2018-07-22 10:31:04,731 - UUID= 11e8d5482b7a17975fbc7d0d8a158
2018-07-22 10:31:04,731 - original id=482bef48-8d57-11e8-9753-4b20b2ff3f34
2018-07-22 10:31:04,731 - 11e8
2018-07-22 10:31:04,731 - -8d5
2018-07-22 10:31:04,731 - 482bef48
2018-07-22 10:31:04,731 - 9753
2018-07-22 10:31:04,731 - 4b20b2ff3f34
2018-07-22 10:31:04,731 - new id=11e8d5482bef489754b20b2ff3f34
2018-07-22 10:31:04,731 - UUID= 11e8d5482bef489754b20b2ff3f34
2018-07-22 10:31:18,413 - original id=50537cf2-8d57-11e8-a024-31e0857d2e92
2018-07-22 10:31:18,414 - 11e8
2018-07-22 10:31:18,414 - 8d57
2018-07-22 10:31:18,414 - 50537cf2
2018-07-22 10:31:18,414 - a024
2018-07-22 10:31:18,414 - 31e0857d2e92
2018-07-22 10:31:18,414 - new id=11e8d550537cf2a0231e0857d2e92
2018-07-22 10:31:18,414 - UUID= 11e8d550537cf2a0231e0857d2e92
2018-07-22 10:31:18,414 - original id=5053cb13-8d57-11e8-a024-7155cc015496
2018-07-22 10:31:18,414 - 11e8
2018-07-22 10:31:18,414 - 8d57
2018-07-22 10:31:18,414 - 5053cb13
2018-07-22 10:31:18,414 - a024
2018-07-22 10:31:18,414 - 7155cc015496
2018-07-22 10:31:18,414 - new id=11e8d55053cb13a027155cc015496
2018-07-22 10:31:18,415 - UUID= 11e8d55053cb13a027155cc015496
2018-07-22 10:31:18,415 - original id=5053f224-8d57-11e8-a024-1593ab0e6e82
2018-07-22 10:31:18,415 - 11e8
2018-07-22 10:31:18,415 - 8d57
2018-07-22 10:31:18,415 - 5053f224
2018-07-22 10:31:18,415 - a024
2018-07-22 10:31:18,416 - 1593ab0e6e82
2018-07-22 10:31:18,416 - new id=11e8d55053f224a021593ab0e6e82
2018-07-22 10:31:18,416 - UUID= 11e8d55053f224a021593ab0e6e82
2018-07-22 10:31:18,416 - original id=50541935-8d57-11e8-a024-f78d283158e5
2018-07-22 10:31:18,416 - 11e8
2018-07-22 10:31:18,416 - 8d57
2018-07-22 10:31:18,417 - 50541935
2018-07-22 10:31:18,417 - a024
2018-07-22 10:31:18,417 - f78d283158e5
2018-07-22 10:31:18,417 - new id=11e8d550541935a02f78d283158e5
2018-07-22 10:31:18,417 - UUID= 11e8d550541935a02f78d283158e5
2018-07-22 10:31:18,417 - original id=50544046-8d57-11e8-a024-a3178423bae4
2018-07-22 10:31:18,417 - 11e8
2018-07-22 10:31:18,417 - 8d57
2018-07-22 10:31:18,417 - 50544046
2018-07-22 10:31:18,417 - a024
2018-07-22 10:31:18,417 - a3178423bae4
2018-07-22 10:31:18,417 - new id=11e8d550544046a02a3178423bae4
2018-07-22 10:31:18,418 - UUID= 11e8d550544046a02a3178423bae4
2018-07-22 10:31:18,418 - original id=50546757-8d57-11e8-a024-3797c7808452
2018-07-22 10:31:18,418 - 11e8
2018-07-22 10:31:18,418 - 8d57
2018-07-22 10:31:18,418 - 50546757
2018-07-22 10:31:18,418 - a024
2018-07-22 10:31:18,418 - 3797c7808452
2018-07-22 10:31:18,418 - new id=11e8d550546757a023797c7808452
2018-07-22 10:31:18,418 - UUID= 11e8d550546757a023797c7808452
2018-07-22 10:31:18,418 - original id=50546758-8d57-11e8-a024-a5978bedbc99
2018-07-22 10:31:18,418 - 11e8
2018-07-22 10:31:18,418 - 8d57
2018-07-22 10:31:18,418 - 50546758
2018-07-22 10:31:18,418 - a024
2018-07-22 10:31:18,418 - a5978bedbc99
2018-07-22 10:31:18,418 - new id=11e8d550546758a02a5978bedbc99
2018-07-22 10:31:18,419 - UUID= 11e8d550546758a02a5978bedbc99
2018-07-22 10:31:18,420 - original id=5054b579-8d57-11e8-a024-3f19f1306bc4
2018-07-22 10:31:18,420 - 11e8
2018-07-22 10:31:18,422 - 8d57
2018-07-22 10:31:18,422 - 5054b579
2018-07-22 10:31:18,422 - a024
2018-07-22 10:31:18,422 - 3f19f1306bc4
2018-07-22 10:31:18,425 - new id=11e8d55054b579a023f19f1306bc4
2018-07-22 10:31:18,425 - UUID= 11e8d55054b579a023f19f1306bc4
2018-07-22 10:31:18,425 - original id=505578ca-8d57-11e8-a024-558862110ea2
2018-07-22 10:31:18,425 - 11e8
2018-07-22 10:31:18,425 - 8d57
2018-07-22 10:31:18,425 - 505578ca
2018-07-22 10:31:18,425 - a024
2018-07-22 10:31:18,425 - 558862110ea2
2018-07-22 10:31:18,425 - new id=11e8d5505578caa02558862110ea2
2018-07-22 10:31:18,425 - UUID= 11e8d5505578caa02558862110ea2
2018-07-22 10:31:18,426 - original id=505578cb-8d57-11e8-a024-83bcde0b9f5d
2018-07-22 10:31:18,426 - 11e8
2018-07-22 10:31:18,426 - 8d57
2018-07-22 10:31:18,426 - 505578cb
2018-07-22 10:31:18,426 - a024
2018-07-22 10:31:18,426 - 83bcde0b9f5d
2018-07-22 10:31:18,426 - new id=11e8d5505578cba0283bcde0b9f5d
2018-07-22 10:31:18,426 - UUID= 11e8d5505578cba0283bcde0b9f5d
2018-07-22 10:31:43,878 - original id=5f812370-8d57-11e8-bbf2-49e9085b5f68
2018-07-22 10:31:43,878 - 11e8
2018-07-22 10:31:43,878 - 8d57
2018-07-22 10:31:43,878 - 5f812370
2018-07-22 10:31:43,878 - bbf2
2018-07-22 10:31:43,878 - 49e9085b5f68
2018-07-22 10:31:43,878 - new id=11e88d575f812370bbf249e9085b5f68
2018-07-22 10:31:43,879 - UUID= 11e88d575f812370bbf249e9085b5f68
2018-07-22 10:31:43,879 - original id=5f817191-8d57-11e8-bbf2-a9a799f8b6b7
2018-07-22 10:31:43,879 - 11e8
2018-07-22 10:31:43,879 - 8d57
2018-07-22 10:31:43,879 - 5f817191
2018-07-22 10:31:43,879 - bbf2
2018-07-22 10:31:43,879 - a9a799f8b6b7
2018-07-22 10:31:43,879 - new id=11e88d575f817191bbf2a9a799f8b6b7
2018-07-22 10:31:43,879 - UUID= 11e88d575f817191bbf2a9a799f8b6b7
2018-07-22 10:31:43,879 - original id=5f817192-8d57-11e8-bbf2-6dead83f550b
2018-07-22 10:31:43,880 - 11e8
2018-07-22 10:31:43,880 - 8d57
2018-07-22 10:31:43,880 - 5f817192
2018-07-22 10:31:43,880 - bbf2
2018-07-22 10:31:43,880 - 6dead83f550b
2018-07-22 10:31:43,880 - new id=11e88d575f817192bbf26dead83f550b
2018-07-22 10:31:43,880 - UUID= 11e88d575f817192bbf26dead83f550b
2018-07-22 10:31:43,880 - original id=5f8198a3-8d57-11e8-bbf2-299252e9552a
2018-07-22 10:31:43,880 - 11e8
2018-07-22 10:31:43,880 - 8d57
2018-07-22 10:31:43,880 - 5f8198a3
2018-07-22 10:31:43,880 - bbf2
2018-07-22 10:31:43,881 - 299252e9552a
2018-07-22 10:31:43,881 - new id=11e88d575f8198a3bbf2299252e9552a
2018-07-22 10:31:43,881 - UUID= 11e88d575f8198a3bbf2299252e9552a
2018-07-22 10:31:43,881 - original id=5f81bfb4-8d57-11e8-bbf2-d7a26fc95ba9
2018-07-22 10:31:43,881 - 11e8
2018-07-22 10:31:43,882 - 8d57
2018-07-22 10:31:43,882 - 5f81bfb4
2018-07-22 10:31:43,882 - bbf2
2018-07-22 10:31:43,882 - d7a26fc95ba9
2018-07-22 10:31:43,882 - new id=11e88d575f81bfb4bbf2d7a26fc95ba9
2018-07-22 10:31:43,882 - UUID= 11e88d575f81bfb4bbf2d7a26fc95ba9
2018-07-22 10:31:43,882 - original id=5f81e6c5-8d57-11e8-bbf2-c587b048a402
2018-07-22 10:31:43,882 - 11e8
2018-07-22 10:31:43,882 - 8d57
2018-07-22 10:31:43,882 - 5f81e6c5
2018-07-22 10:31:43,882 - bbf2
2018-07-22 10:31:43,882 - c587b048a402
2018-07-22 10:31:43,882 - new id=11e88d575f81e6c5bbf2c587b048a402
2018-07-22 10:31:43,882 - UUID= 11e88d575f81e6c5bbf2c587b048a402
2018-07-22 10:31:43,883 - original id=5f820dd6-8d57-11e8-bbf2-69ffea447fdc
2018-07-22 10:31:43,883 - 11e8
2018-07-22 10:31:43,883 - 8d57
2018-07-22 10:31:43,883 - 5f820dd6
2018-07-22 10:31:43,883 - bbf2
2018-07-22 10:31:43,883 - 69ffea447fdc
2018-07-22 10:31:43,883 - new id=11e88d575f820dd6bbf269ffea447fdc
2018-07-22 10:31:43,883 - UUID= 11e88d575f820dd6bbf269ffea447fdc
2018-07-22 10:31:43,883 - original id=5f820dd7-8d57-11e8-bbf2-0977a63aee53
2018-07-22 10:31:43,883 - 11e8
2018-07-22 10:31:43,883 - 8d57
2018-07-22 10:31:43,883 - 5f820dd7
2018-07-22 10:31:43,883 - bbf2
2018-07-22 10:31:43,883 - 0977a63aee53
2018-07-22 10:31:43,883 - new id=11e88d575f820dd7bbf20977a63aee53
2018-07-22 10:31:43,883 - UUID= 11e88d575f820dd7bbf20977a63aee53
2018-07-22 10:31:43,884 - original id=5f8234e8-8d57-11e8-bbf2-17de994ee562
2018-07-22 10:31:43,884 - 11e8
2018-07-22 10:31:43,884 - 8d57
2018-07-22 10:31:43,884 - 5f8234e8
2018-07-22 10:31:43,884 - bbf2
2018-07-22 10:31:43,884 - 17de994ee562
2018-07-22 10:31:43,884 - new id=11e88d575f8234e8bbf217de994ee562
2018-07-22 10:31:43,884 - UUID= 11e88d575f8234e8bbf217de994ee562
2018-07-22 10:31:43,884 - original id=5f8234e9-8d57-11e8-bbf2-b39dea37e8c0
2018-07-22 10:31:43,884 - 11e8
2018-07-22 10:31:43,884 - 8d57
2018-07-22 10:31:43,884 - 5f8234e9
2018-07-22 10:31:43,884 - bbf2
2018-07-22 10:31:43,884 - b39dea37e8c0
2018-07-22 10:31:43,884 - new id=11e88d575f8234e9bbf2b39dea37e8c0
2018-07-22 10:31:43,884 - UUID= 11e88d575f8234e9bbf2b39dea37e8c0
2018-07-22 10:32:13,263 - original id=710516a5-8d57-11e8-afef-f76d7a02f2d0
2018-07-22 10:32:13,264 - new id=11e88d57710516a5afeff76d7a02f2d0
2018-07-22 10:32:13,264 - UUID= 11e88d57710516a5afeff76d7a02f2d0
2018-07-22 10:32:13,264 - original id=71053db6-8d57-11e8-afef-453557475b70
2018-07-22 10:32:13,264 - new id=11e88d5771053db6afef453557475b70
2018-07-22 10:32:13,264 - UUID= 11e88d5771053db6afef453557475b70
2018-07-22 10:32:13,264 - original id=71053db7-8d57-11e8-afef-79a21c81d959
2018-07-22 10:32:13,264 - new id=11e88d5771053db7afef79a21c81d959
2018-07-22 10:32:13,264 - UUID= 11e88d5771053db7afef79a21c81d959
2018-07-22 10:32:13,264 - original id=71053db8-8d57-11e8-afef-458e3b810d99
2018-07-22 10:32:13,264 - new id=11e88d5771053db8afef458e3b810d99
2018-07-22 10:32:13,264 - UUID= 11e88d5771053db8afef458e3b810d99
2018-07-22 10:32:13,264 - original id=71053db9-8d57-11e8-afef-f124806c356c
2018-07-22 10:32:13,264 - new id=11e88d5771053db9afeff124806c356c
2018-07-22 10:32:13,265 - UUID= 11e88d5771053db9afeff124806c356c
2018-07-22 10:32:13,265 - original id=710564ca-8d57-11e8-afef-3b682974890a
2018-07-22 10:32:13,265 - new id=11e88d57710564caafef3b682974890a
2018-07-22 10:32:13,265 - UUID= 11e88d57710564caafef3b682974890a
2018-07-22 10:32:13,265 - original id=710564cb-8d57-11e8-afef-078d6bec8ab1
2018-07-22 10:32:13,265 - new id=11e88d57710564cbafef078d6bec8ab1
2018-07-22 10:32:13,265 - UUID= 11e88d57710564cbafef078d6bec8ab1
2018-07-22 10:32:13,265 - original id=710564cc-8d57-11e8-afef-a9bea6a9739c
2018-07-22 10:32:13,265 - new id=11e88d57710564ccafefa9bea6a9739c
2018-07-22 10:32:13,265 - UUID= 11e88d57710564ccafefa9bea6a9739c
2018-07-22 10:32:13,265 - original id=710564cd-8d57-11e8-afef-8b27e046bf21
2018-07-22 10:32:13,265 - new id=11e88d57710564cdafef8b27e046bf21
2018-07-22 10:32:13,265 - UUID= 11e88d57710564cdafef8b27e046bf21
2018-07-22 10:32:13,265 - original id=710564ce-8d57-11e8-afef-c5b1da9c3323
2018-07-22 10:32:13,266 - new id=11e88d57710564ceafefc5b1da9c3323
2018-07-22 10:32:13,266 - UUID= 11e88d57710564ceafefc5b1da9c3323
